Performing C++ SOURCE FILE Test CMAKE_HAVE_LIBC_PTHREAD failed with the following output:
Change Dir: /home/rwth0792/aixeleratorservice/BUILD-CI/CMakeFiles/CMakeTmp

Run Build Command(s):/usr/local_rwth/bin/gmake -f Makefile cmTC_e01e0/fast && /usr/local_rwth/bin/gmake  -f CMakeFiles/cmTC_e01e0.dir/build.make CMakeFiles/cmTC_e01e0.dir/build
gmake[1]: Entering directory `/rwthfs/rz/cluster/home/rwth0792/aixeleratorservice/BUILD-CI/CMakeFiles/CMakeTmp'
Building CXX object CMakeFiles/cmTC_e01e0.dir/src.cxx.o
/usr/local_rwth/sw/gcc/10.3.0/bin/g++ -DCMAKE_HAVE_LIBC_PTHREAD  -std=gnu++17 -o CMakeFiles/cmTC_e01e0.dir/src.cxx.o -c /home/rwth0792/aixeleratorservice/BUILD-CI/CMakeFiles/CMakeTmp/src.cxx
Linking CXX executable cmTC_e01e0
/rwthfs/rz/SW/UTIL.common/cmake/cmake-3.21.1-linux-x86_64/bin/cmake -E cmake_link_script CMakeFiles/cmTC_e01e0.dir/link.txt --verbose=1
/usr/local_rwth/sw/gcc/10.3.0/bin/g++ CMakeFiles/cmTC_e01e0.dir/src.cxx.o -o cmTC_e01e0 
CMakeFiles/cmTC_e01e0.dir/src.cxx.o: In function `main':
src.cxx:(.text+0x2d): undefined reference to `pthread_create'
src.cxx:(.text+0x39): undefined reference to `pthread_detach'
src.cxx:(.text+0x45): undefined reference to `pthread_cancel'
src.cxx:(.text+0x56): undefined reference to `pthread_join'
src.cxx:(.text+0x6a): undefined reference to `pthread_atfork'
collect2: error: ld returned 1 exit status
gmake[1]: *** [cmTC_e01e0] Error 1
gmake[1]: Leaving directory `/rwthfs/rz/cluster/home/rwth0792/aixeleratorservice/BUILD-CI/CMakeFiles/CMakeTmp'
gmake: *** [cmTC_e01e0/fast] Error 2


Source file was:
#include <pthread.h>

static void* test_func(void* data)
{
  return data;
}

int main(void)
{
  pthread_t thread;
  pthread_create(&thread, NULL, test_func, NULL);
  pthread_detach(thread);
  pthread_cancel(thread);
  pthread_join(thread, NULL);
  pthread_atfork(NULL, NULL, NULL);
  pthread_exit(NULL);

  return 0;
}

Determining if the function pthread_create exists in the pthreads failed with the following output:
Change Dir: /home/rwth0792/aixeleratorservice/BUILD-CI/CMakeFiles/CMakeTmp

Run Build Command(s):/usr/local_rwth/bin/gmake -f Makefile cmTC_8f94f/fast && /usr/local_rwth/bin/gmake  -f CMakeFiles/cmTC_8f94f.dir/build.make CMakeFiles/cmTC_8f94f.dir/build
gmake[1]: Entering directory `/rwthfs/rz/cluster/home/rwth0792/aixeleratorservice/BUILD-CI/CMakeFiles/CMakeTmp'
Building CXX object CMakeFiles/cmTC_8f94f.dir/CheckFunctionExists.cxx.o
/usr/local_rwth/sw/gcc/10.3.0/bin/g++   -DCHECK_FUNCTION_EXISTS=pthread_create -std=gnu++17 -o CMakeFiles/cmTC_8f94f.dir/CheckFunctionExists.cxx.o -c /home/rwth0792/aixeleratorservice/BUILD-CI/CMakeFiles/CheckLibraryExists/CheckFunctionExists.cxx
Linking CXX executable cmTC_8f94f
/rwthfs/rz/SW/UTIL.common/cmake/cmake-3.21.1-linux-x86_64/bin/cmake -E cmake_link_script CMakeFiles/cmTC_8f94f.dir/link.txt --verbose=1
/usr/local_rwth/sw/gcc/10.3.0/bin/g++  -DCHECK_FUNCTION_EXISTS=pthread_create CMakeFiles/cmTC_8f94f.dir/CheckFunctionExists.cxx.o -o cmTC_8f94f  -lpthreads 
/usr/bin/ld: cannot find -lpthreads
collect2: error: ld returned 1 exit status
gmake[1]: *** [cmTC_8f94f] Error 1
gmake[1]: Leaving directory `/rwthfs/rz/cluster/home/rwth0792/aixeleratorservice/BUILD-CI/CMakeFiles/CMakeTmp'
gmake: *** [cmTC_8f94f/fast] Error 2



