The system is: Linux - 3.10.0-1160.76.1.el7.x86_64 - x86_64
Compiling the CXX compiler identification source file "CMakeCXXCompilerId.cpp" succeeded.
Compiler: /usr/local_rwth/sw/gcc/10.3.0/bin/g++ 
Build flags: 
Id flags:  

The output was:
0


Compilation of the CXX compiler identification source "CMakeCXXCompilerId.cpp" produced "a.out"

The CXX compiler identification is GNU, found in "/home/rwth0792/aixeleratorservice/BUILD/CMakeFiles/3.21.1/CompilerIdCXX/a.out"

Detecting CXX compiler ABI info compiled with the following output:
Change Dir: /home/rwth0792/aixeleratorservice/BUILD/CMakeFiles/CMakeTmp

Run Build Command(s):/usr/local_rwth/bin/gmake -f Makefile cmTC_22c45/fast && /usr/local_rwth/bin/gmake  -f CMakeFiles/cmTC_22c45.dir/build.make CMakeFiles/cmTC_22c45.dir/build
gmake[1]: Entering directory `/rwthfs/rz/cluster/home/rwth0792/aixeleratorservice/BUILD/CMakeFiles/CMakeTmp'
Building CXX object CMakeFiles/cmTC_22c45.dir/CMakeCXXCompilerABI.cpp.o
/usr/local_rwth/sw/gcc/10.3.0/bin/g++   -v -std=gnu++17 -o CMakeFiles/cmTC_22c45.dir/CMakeCXXCompilerABI.cpp.o -c /rwthfs/rz/SW/UTIL.common/cmake/cmake-3.21.1-linux-x86_64/share/cmake-3.21/Modules/CMakeCXXCompilerABI.cpp
Using built-in specs.
COLLECT_GCC=/usr/local_rwth/sw/gcc/10.3.0/bin/g++
OFFLOAD_TARGET_NAMES=nvptx-none
Target: x86_64-pc-linux-gnu
Configured with: ../../SOURCES/gcc-10.3.0/configure --prefix=/usr/local_rwth/sw/gcc/10.3.0 --enable-offload-targets=nvptx-none --enable-languages=c,c++,objc,obj-c++,fortran --enable-lto --enable-install-libiberty --with-gmp=/opt/pk224850/tmp/GCC/build/destdir/usr/local_rwth/sw/gcc/10.3.0 --with-gmp-lib=/opt/pk224850/tmp/GCC/build/destdir/usr/local_rwth/sw/gcc/10.3.0/lib64 --with-mpfr=/opt/pk224850/tmp/GCC/build/destdir/usr/local_rwth/sw/gcc/10.3.0 --with-mpfr-lib=/opt/pk224850/tmp/GCC/build/destdir/usr/local_rwth/sw/gcc/10.3.0/lib64 --with-mpc=/opt/pk224850/tmp/GCC/build/destdir/usr/local_rwth/sw/gcc/10.3.0 --with-mpc-lib=/opt/pk224850/tmp/GCC/build/destdir/usr/local_rwth/sw/gcc/10.3.0/lib64 --with-ppl=/opt/pk224850/tmp/GCC/build/destdir/usr/local_rwth/sw/gcc/10.3.0 --with-isl --with-default-libstdcxx-abi=gcc4-compatible LDFLAGS='-Wl,-rpath,/usr/local_rwth/sw/gcc/10.3.0/lib64 -Wl,-rpath,/usr/local_rwth/sw/gcc/10.3.0/lib'
Thread model: posix
Supported LTO compression algorithms: zlib
gcc version 10.3.0 (GCC) 
COLLECT_GCC_OPTIONS='-v' '-std=gnu++17' '-o' 'CMakeFiles/cmTC_22c45.dir/CMakeCXXCompilerABI.cpp.o' '-c' '-shared-libgcc' '-mtune=generic' '-march=x86-64'
 /usr/local_rwth/sw/gcc/10.3.0/libexec/gcc/x86_64-pc-linux-gnu/10.3.0/cc1plus -quiet -v -iprefix /rwthfs/rz/SW/gcc/CENTOS-7.3/10.3.0/bin/../lib/gcc/x86_64-pc-linux-gnu/10.3.0/ -D_GNU_SOURCE /rwthfs/rz/SW/UTIL.common/cmake/cmake-3.21.1-linux-x86_64/share/cmake-3.21/Modules/CMakeCXXCompilerABI.cpp -quiet -dumpbase CMakeCXXCompilerABI.cpp -mtune=generic -march=x86-64 -auxbase-strip CMakeFiles/cmTC_22c45.dir/CMakeCXXCompilerABI.cpp.o -std=gnu++17 -version -o /tmp/fo014819/login18-g-2_79485/cciDOEuy.s
GNU C++17 (GCC) version 10.3.0 (x86_64-pc-linux-gnu)
	compiled by GNU C version 10.3.0, GMP version 6.2.1, MPFR version 4.1.0, MPC version 1.2.1, isl version isl-0.21-GMP

GGC heuristics: --param ggc-min-expand=100 --param ggc-min-heapsize=131072
ignoring nonexistent directory "/rwthfs/rz/SW/gcc/CENTOS-7.3/10.3.0/bin/../lib/gcc/x86_64-pc-linux-gnu/10.3.0/../../../../x86_64-pc-linux-gnu/include"
ignoring duplicate directory "/rwthfs/rz/SW/gcc/CENTOS-7.3/10.3.0/bin/../lib/gcc/../../lib/gcc/x86_64-pc-linux-gnu/10.3.0/../../../../include/c++/10.3.0"
ignoring duplicate directory "/rwthfs/rz/SW/gcc/CENTOS-7.3/10.3.0/bin/../lib/gcc/../../lib/gcc/x86_64-pc-linux-gnu/10.3.0/../../../../include/c++/10.3.0/x86_64-pc-linux-gnu"
ignoring duplicate directory "/rwthfs/rz/SW/gcc/CENTOS-7.3/10.3.0/bin/../lib/gcc/../../lib/gcc/x86_64-pc-linux-gnu/10.3.0/../../../../include/c++/10.3.0/backward"
ignoring duplicate directory "/rwthfs/rz/SW/gcc/CENTOS-7.3/10.3.0/bin/../lib/gcc/../../lib/gcc/x86_64-pc-linux-gnu/10.3.0/include"
ignoring duplicate directory "/rwthfs/rz/SW/gcc/CENTOS-7.3/10.3.0/bin/../lib/gcc/../../lib/gcc/x86_64-pc-linux-gnu/10.3.0/include-fixed"
ignoring nonexistent directory "/rwthfs/rz/SW/gcc/CENTOS-7.3/10.3.0/bin/../lib/gcc/../../lib/gcc/x86_64-pc-linux-gnu/10.3.0/../../../../x86_64-pc-linux-gnu/include"
ignoring duplicate directory "/usr/local_rwth/sw/gcc/10.3.0/include"
  as it is a non-system directory that duplicates a system directory
ignoring nonexistent directory "/opt/intel/Compiler/19.0/1.144/rwthlnk/pstl/stdlib"
#include "..." search starts here:
#include <...> search starts here:
 /usr/local_rwth/sw/cuda/11.4.0/include
 /opt/intel/Compiler/19.0/1.144/rwthlnk/pstl/include
 /opt/intel/Compiler/19.0/1.144/rwthlnk/daal/include
 /opt/intel/Compiler/19.0/1.144/rwthlnk/ipp/include
 /opt/intel/Compiler/19.0/1.144/rwthlnk/mkl/include
 /opt/intel/Compiler/19.0/1.144/rwthlnk/tbb/include
 /rwthfs/rz/SW/cuda/cudnn/8.3.2/11.4/include
 /rwthfs/rz/SW/gcc/CENTOS-7.3/10.3.0/bin/../lib/gcc/x86_64-pc-linux-gnu/10.3.0/../../../../include/c++/10.3.0
 /rwthfs/rz/SW/gcc/CENTOS-7.3/10.3.0/bin/../lib/gcc/x86_64-pc-linux-gnu/10.3.0/../../../../include/c++/10.3.0/x86_64-pc-linux-gnu
 /rwthfs/rz/SW/gcc/CENTOS-7.3/10.3.0/bin/../lib/gcc/x86_64-pc-linux-gnu/10.3.0/../../../../include/c++/10.3.0/backward
 /rwthfs/rz/SW/gcc/CENTOS-7.3/10.3.0/bin/../lib/gcc/x86_64-pc-linux-gnu/10.3.0/include
 /rwthfs/rz/SW/gcc/CENTOS-7.3/10.3.0/bin/../lib/gcc/x86_64-pc-linux-gnu/10.3.0/include-fixed
 /usr/local/include
 /rwthfs/rz/SW/gcc/CENTOS-7.3/10.3.0/bin/../lib/gcc/../../include
 /usr/include
End of search list.
GNU C++17 (GCC) version 10.3.0 (x86_64-pc-linux-gnu)
	compiled by GNU C version 10.3.0, GMP version 6.2.1, MPFR version 4.1.0, MPC version 1.2.1, isl version isl-0.21-GMP

GGC heuristics: --param ggc-min-expand=100 --param ggc-min-heapsize=131072
Compiler executable checksum: 8790aaa72cdf16ba0fd714fdf07c7734
COLLECT_GCC_OPTIONS='-v' '-std=gnu++17' '-o' 'CMakeFiles/cmTC_22c45.dir/CMakeCXXCompilerABI.cpp.o' '-c' '-shared-libgcc' '-mtune=generic' '-march=x86-64'
 as -v --64 -o CMakeFiles/cmTC_22c45.dir/CMakeCXXCompilerABI.cpp.o /tmp/fo014819/login18-g-2_79485/cciDOEuy.s
GNU assembler version 2.27 (x86_64-redhat-linux) using BFD version version 2.27-44.base.el7_9.1
COMPILER_PATH=/usr/local_rwth/sw/gcc/10.3.0/libexec/gcc/x86_64-pc-linux-gnu/10.3.0/:/usr/local_rwth/sw/gcc/10.3.0/libexec/gcc/
LIBRARY_PATH=/usr/local_rwth/sw/gcc/10.3.0/lib/gcc/x86_64-pc-linux-gnu/10.3.0/:/usr/local_rwth/sw/gcc/10.3.0/lib/gcc/:/usr/local_rwth/sw/cuda/11.4.0/nvvm/libdevice/../lib64/:/usr/local_rwth/sw/gcc/10.3.0/lib64/../lib64/:/usr/local_rwth/sw/gcc/10.3.0/lib/../lib64/:/rwthfs/rz/SW/gcc/CENTOS-7.3/10.3.0/bin/../lib/gcc/x86_64-pc-linux-gnu/10.3.0/../../../../lib64/:/lib/../lib64/:/usr/lib/../lib64/:/rwthfs/rz/SW/cuda/cudnn/8.3.2/11.4/lib/:/usr/local_rwth/sw/cuda/11.4.0/nvvm/libdevice/:/usr/local_rwth/sw/gcc/10.3.0/lib64/:/usr/local_rwth/sw/gcc/10.3.0/lib/:/opt/intel/Compiler/19.0/1.144/rwthlnk/daal/lib/intel64_lin/:/opt/intel/Compiler/19.0/1.144/rwthlnk/daal/lib/ia32_lin/:/opt/intel/Compiler/19.0/1.144/rwthlnk/ipp/lib/intel64_lin/:/opt/intel/Compiler/19.0/1.144/rwthlnk/ipp/lib/ia32_lin/:/opt/intel/Compiler/19.0/1.144/rwthlnk/mkl/lib/intel64_lin/:/opt/intel/Compiler/19.0/1.144/rwthlnk/mkl/lib/ia32_lin/:/opt/intel/Compiler/19.0/1.144/rwthlnk/tbb/lib/intel64_lin/gcc4.7/:/opt/intel/Compiler/19.0/1.144/rwthlnk/tbb/lib/ia32_lin/gcc4.7/:/rwthfs/rz/SW/gcc/CENTOS-7.3/10.3.0/bin/../lib/gcc/x86_64-pc-linux-gnu/10.3.0/../../../:/lib/:/usr/lib/
COLLECT_GCC_OPTIONS='-v' '-std=gnu++17' '-o' 'CMakeFiles/cmTC_22c45.dir/CMakeCXXCompilerABI.cpp.o' '-c' '-shared-libgcc' '-mtune=generic' '-march=x86-64'
Linking CXX executable cmTC_22c45
/rwthfs/rz/SW/UTIL.common/cmake/cmake-3.21.1-linux-x86_64/bin/cmake -E cmake_link_script CMakeFiles/cmTC_22c45.dir/link.txt --verbose=1
/usr/local_rwth/sw/gcc/10.3.0/bin/g++  -v CMakeFiles/cmTC_22c45.dir/CMakeCXXCompilerABI.cpp.o -o cmTC_22c45 
Using built-in specs.
COLLECT_GCC=/usr/local_rwth/sw/gcc/10.3.0/bin/g++
COLLECT_LTO_WRAPPER=/usr/local_rwth/sw/gcc/10.3.0/libexec/gcc/x86_64-pc-linux-gnu/10.3.0/lto-wrapper
OFFLOAD_TARGET_NAMES=nvptx-none
Target: x86_64-pc-linux-gnu
Configured with: ../../SOURCES/gcc-10.3.0/configure --prefix=/usr/local_rwth/sw/gcc/10.3.0 --enable-offload-targets=nvptx-none --enable-languages=c,c++,objc,obj-c++,fortran --enable-lto --enable-install-libiberty --with-gmp=/opt/pk224850/tmp/GCC/build/destdir/usr/local_rwth/sw/gcc/10.3.0 --with-gmp-lib=/opt/pk224850/tmp/GCC/build/destdir/usr/local_rwth/sw/gcc/10.3.0/lib64 --with-mpfr=/opt/pk224850/tmp/GCC/build/destdir/usr/local_rwth/sw/gcc/10.3.0 --with-mpfr-lib=/opt/pk224850/tmp/GCC/build/destdir/usr/local_rwth/sw/gcc/10.3.0/lib64 --with-mpc=/opt/pk224850/tmp/GCC/build/destdir/usr/local_rwth/sw/gcc/10.3.0 --with-mpc-lib=/opt/pk224850/tmp/GCC/build/destdir/usr/local_rwth/sw/gcc/10.3.0/lib64 --with-ppl=/opt/pk224850/tmp/GCC/build/destdir/usr/local_rwth/sw/gcc/10.3.0 --with-isl --with-default-libstdcxx-abi=gcc4-compatible LDFLAGS='-Wl,-rpath,/usr/local_rwth/sw/gcc/10.3.0/lib64 -Wl,-rpath,/usr/local_rwth/sw/gcc/10.3.0/lib'
Thread model: posix
Supported LTO compression algorithms: zlib
gcc version 10.3.0 (GCC) 
COMPILER_PATH=/usr/local_rwth/sw/gcc/10.3.0/libexec/gcc/x86_64-pc-linux-gnu/10.3.0/:/usr/local_rwth/sw/gcc/10.3.0/libexec/gcc/
LIBRARY_PATH=/usr/local_rwth/sw/gcc/10.3.0/lib/gcc/x86_64-pc-linux-gnu/10.3.0/:/usr/local_rwth/sw/gcc/10.3.0/lib/gcc/:/usr/local_rwth/sw/cuda/11.4.0/nvvm/libdevice/../lib64/:/usr/local_rwth/sw/gcc/10.3.0/lib64/../lib64/:/usr/local_rwth/sw/gcc/10.3.0/lib/../lib64/:/rwthfs/rz/SW/gcc/CENTOS-7.3/10.3.0/bin/../lib/gcc/x86_64-pc-linux-gnu/10.3.0/../../../../lib64/:/lib/../lib64/:/usr/lib/../lib64/:/rwthfs/rz/SW/cuda/cudnn/8.3.2/11.4/lib/:/usr/local_rwth/sw/cuda/11.4.0/nvvm/libdevice/:/usr/local_rwth/sw/gcc/10.3.0/lib64/:/usr/local_rwth/sw/gcc/10.3.0/lib/:/opt/intel/Compiler/19.0/1.144/rwthlnk/daal/lib/intel64_lin/:/opt/intel/Compiler/19.0/1.144/rwthlnk/daal/lib/ia32_lin/:/opt/intel/Compiler/19.0/1.144/rwthlnk/ipp/lib/intel64_lin/:/opt/intel/Compiler/19.0/1.144/rwthlnk/ipp/lib/ia32_lin/:/opt/intel/Compiler/19.0/1.144/rwthlnk/mkl/lib/intel64_lin/:/opt/intel/Compiler/19.0/1.144/rwthlnk/mkl/lib/ia32_lin/:/opt/intel/Compiler/19.0/1.144/rwthlnk/tbb/lib/intel64_lin/gcc4.7/:/opt/intel/Compiler/19.0/1.144/rwthlnk/tbb/lib/ia32_lin/gcc4.7/:/rwthfs/rz/SW/gcc/CENTOS-7.3/10.3.0/bin/../lib/gcc/x86_64-pc-linux-gnu/10.3.0/../../../:/lib/:/usr/lib/
COLLECT_GCC_OPTIONS='-v' '-o' 'cmTC_22c45' '-shared-libgcc' '-mtune=generic' '-march=x86-64'
 /usr/local_rwth/sw/gcc/10.3.0/libexec/gcc/x86_64-pc-linux-gnu/10.3.0/collect2 -plugin /usr/local_rwth/sw/gcc/10.3.0/libexec/gcc/x86_64-pc-linux-gnu/10.3.0/liblto_plugin.so -plugin-opt=/usr/local_rwth/sw/gcc/10.3.0/libexec/gcc/x86_64-pc-linux-gnu/10.3.0/lto-wrapper -plugin-opt=-fresolution=/tmp/fo014819/login18-g-2_79485/cc19yHtA.res -plugin-opt=-pass-through=-lgcc_s -plugin-opt=-pass-through=-lgcc -plugin-opt=-pass-through=-lc -plugin-opt=-pass-through=-lgcc_s -plugin-opt=-pass-through=-lgcc --eh-frame-hdr -m elf_x86_64 -dynamic-linker /lib64/ld-linux-x86-64.so.2 -o cmTC_22c45 /lib/../lib64/crt1.o /lib/../lib64/crti.o /usr/local_rwth/sw/gcc/10.3.0/lib/gcc/x86_64-pc-linux-gnu/10.3.0/crtbegin.o -L/usr/local_rwth/sw/gcc/10.3.0/lib/gcc/x86_64-pc-linux-gnu/10.3.0 -L/usr/local_rwth/sw/gcc/10.3.0/lib/gcc -L/usr/local_rwth/sw/cuda/11.4.0/nvvm/libdevice/../lib64 -L/usr/local_rwth/sw/gcc/10.3.0/lib64/../lib64 -L/usr/local_rwth/sw/gcc/10.3.0/lib/../lib64 -L/rwthfs/rz/SW/gcc/CENTOS-7.3/10.3.0/bin/../lib/gcc/x86_64-pc-linux-gnu/10.3.0/../../../../lib64 -L/lib/../lib64 -L/usr/lib/../lib64 -L/rwthfs/rz/SW/cuda/cudnn/8.3.2/11.4/lib -L/usr/local_rwth/sw/cuda/11.4.0/nvvm/libdevice -L/usr/local_rwth/sw/gcc/10.3.0/lib64 -L/usr/local_rwth/sw/gcc/10.3.0/lib -L/opt/intel/Compiler/19.0/1.144/rwthlnk/daal/lib/intel64_lin -L/opt/intel/Compiler/19.0/1.144/rwthlnk/daal/lib/ia32_lin -L/opt/intel/Compiler/19.0/1.144/rwthlnk/ipp/lib/intel64_lin -L/opt/intel/Compiler/19.0/1.144/rwthlnk/ipp/lib/ia32_lin -L/opt/intel/Compiler/19.0/1.144/rwthlnk/mkl/lib/intel64_lin -L/opt/intel/Compiler/19.0/1.144/rwthlnk/mkl/lib/ia32_lin -L/opt/intel/Compiler/19.0/1.144/rwthlnk/tbb/lib/intel64_lin/gcc4.7 -L/opt/intel/Compiler/19.0/1.144/rwthlnk/tbb/lib/ia32_lin/gcc4.7 -L/rwthfs/rz/SW/gcc/CENTOS-7.3/10.3.0/bin/../lib/gcc/x86_64-pc-linux-gnu/10.3.0/../../.. CMakeFiles/cmTC_22c45.dir/CMakeCXXCompilerABI.cpp.o -lstdc++ -lm -lgcc_s -lgcc -lc -lgcc_s -lgcc /usr/local_rwth/sw/gcc/10.3.0/lib/gcc/x86_64-pc-linux-gnu/10.3.0/crtend.o /lib/../lib64/crtn.o
COLLECT_GCC_OPTIONS='-v' '-o' 'cmTC_22c45' '-shared-libgcc' '-mtune=generic' '-march=x86-64'
gmake[1]: Leaving directory `/rwthfs/rz/cluster/home/rwth0792/aixeleratorservice/BUILD/CMakeFiles/CMakeTmp'



Parsed CXX implicit include dir info from above output: rv=done
  found start of include info
  found start of implicit include info
    add: [/usr/local_rwth/sw/cuda/11.4.0/include]
    add: [/opt/intel/Compiler/19.0/1.144/rwthlnk/pstl/include]
    add: [/opt/intel/Compiler/19.0/1.144/rwthlnk/daal/include]
    add: [/opt/intel/Compiler/19.0/1.144/rwthlnk/ipp/include]
    add: [/opt/intel/Compiler/19.0/1.144/rwthlnk/mkl/include]
    add: [/opt/intel/Compiler/19.0/1.144/rwthlnk/tbb/include]
    add: [/rwthfs/rz/SW/cuda/cudnn/8.3.2/11.4/include]
    add: [/rwthfs/rz/SW/gcc/CENTOS-7.3/10.3.0/bin/../lib/gcc/x86_64-pc-linux-gnu/10.3.0/../../../../include/c++/10.3.0]
    add: [/rwthfs/rz/SW/gcc/CENTOS-7.3/10.3.0/bin/../lib/gcc/x86_64-pc-linux-gnu/10.3.0/../../../../include/c++/10.3.0/x86_64-pc-linux-gnu]
    add: [/rwthfs/rz/SW/gcc/CENTOS-7.3/10.3.0/bin/../lib/gcc/x86_64-pc-linux-gnu/10.3.0/../../../../include/c++/10.3.0/backward]
    add: [/rwthfs/rz/SW/gcc/CENTOS-7.3/10.3.0/bin/../lib/gcc/x86_64-pc-linux-gnu/10.3.0/include]
    add: [/rwthfs/rz/SW/gcc/CENTOS-7.3/10.3.0/bin/../lib/gcc/x86_64-pc-linux-gnu/10.3.0/include-fixed]
    add: [/usr/local/include]
    add: [/rwthfs/rz/SW/gcc/CENTOS-7.3/10.3.0/bin/../lib/gcc/../../include]
    add: [/usr/include]
  end of search list found
  collapse include dir [/usr/local_rwth/sw/cuda/11.4.0/include] ==> [/usr/local_rwth/sw/cuda/11.4.0/include]
  collapse include dir [/opt/intel/Compiler/19.0/1.144/rwthlnk/pstl/include] ==> [/opt/intel/Compiler/19.0/1.144/rwthlnk/pstl/include]
  collapse include dir [/opt/intel/Compiler/19.0/1.144/rwthlnk/daal/include] ==> [/opt/intel/Compiler/19.0/1.144/rwthlnk/daal/include]
  collapse include dir [/opt/intel/Compiler/19.0/1.144/rwthlnk/ipp/include] ==> [/opt/intel/Compiler/19.0/1.144/rwthlnk/ipp/include]
  collapse include dir [/opt/intel/Compiler/19.0/1.144/rwthlnk/mkl/include] ==> [/opt/intel/Compiler/19.0/1.144/rwthlnk/mkl/include]
  collapse include dir [/opt/intel/Compiler/19.0/1.144/rwthlnk/tbb/include] ==> [/opt/intel/Compiler/19.0/1.144/rwthlnk/tbb/include]
  collapse include dir [/rwthfs/rz/SW/cuda/cudnn/8.3.2/11.4/include] ==> [/rwthfs/rz/SW/cuda/cudnn/8.3.2/11.4/include]
  collapse include dir [/rwthfs/rz/SW/gcc/CENTOS-7.3/10.3.0/bin/../lib/gcc/x86_64-pc-linux-gnu/10.3.0/../../../../include/c++/10.3.0] ==> [/rwthfs/rz/SW/gcc/CENTOS-7.3/10.3.0/include/c++/10.3.0]
  collapse include dir [/rwthfs/rz/SW/gcc/CENTOS-7.3/10.3.0/bin/../lib/gcc/x86_64-pc-linux-gnu/10.3.0/../../../../include/c++/10.3.0/x86_64-pc-linux-gnu] ==> [/rwthfs/rz/SW/gcc/CENTOS-7.3/10.3.0/include/c++/10.3.0/x86_64-pc-linux-gnu]
  collapse include dir [/rwthfs/rz/SW/gcc/CENTOS-7.3/10.3.0/bin/../lib/gcc/x86_64-pc-linux-gnu/10.3.0/../../../../include/c++/10.3.0/backward] ==> [/rwthfs/rz/SW/gcc/CENTOS-7.3/10.3.0/include/c++/10.3.0/backward]
  collapse include dir [/rwthfs/rz/SW/gcc/CENTOS-7.3/10.3.0/bin/../lib/gcc/x86_64-pc-linux-gnu/10.3.0/include] ==> [/rwthfs/rz/SW/gcc/CENTOS-7.3/10.3.0/lib/gcc/x86_64-pc-linux-gnu/10.3.0/include]
  collapse include dir [/rwthfs/rz/SW/gcc/CENTOS-7.3/10.3.0/bin/../lib/gcc/x86_64-pc-linux-gnu/10.3.0/include-fixed] ==> [/rwthfs/rz/SW/gcc/CENTOS-7.3/10.3.0/lib/gcc/x86_64-pc-linux-gnu/10.3.0/include-fixed]
  collapse include dir [/usr/local/include] ==> [/usr/local/include]
  collapse include dir [/rwthfs/rz/SW/gcc/CENTOS-7.3/10.3.0/bin/../lib/gcc/../../include] ==> [/rwthfs/rz/SW/gcc/CENTOS-7.3/10.3.0/include]
  collapse include dir [/usr/include] ==> [/usr/include]
  implicit include dirs: [/usr/local_rwth/sw/cuda/11.4.0/include;/opt/intel/Compiler/19.0/1.144/rwthlnk/pstl/include;/opt/intel/Compiler/19.0/1.144/rwthlnk/daal/include;/opt/intel/Compiler/19.0/1.144/rwthlnk/ipp/include;/opt/intel/Compiler/19.0/1.144/rwthlnk/mkl/include;/opt/intel/Compiler/19.0/1.144/rwthlnk/tbb/include;/rwthfs/rz/SW/cuda/cudnn/8.3.2/11.4/include;/rwthfs/rz/SW/gcc/CENTOS-7.3/10.3.0/include/c++/10.3.0;/rwthfs/rz/SW/gcc/CENTOS-7.3/10.3.0/include/c++/10.3.0/x86_64-pc-linux-gnu;/rwthfs/rz/SW/gcc/CENTOS-7.3/10.3.0/include/c++/10.3.0/backward;/rwthfs/rz/SW/gcc/CENTOS-7.3/10.3.0/lib/gcc/x86_64-pc-linux-gnu/10.3.0/include;/rwthfs/rz/SW/gcc/CENTOS-7.3/10.3.0/lib/gcc/x86_64-pc-linux-gnu/10.3.0/include-fixed;/usr/local/include;/rwthfs/rz/SW/gcc/CENTOS-7.3/10.3.0/include;/usr/include]


Parsed CXX implicit link information from above output:
  link line regex: [^( *|.*[/\])(ld|CMAKE_LINK_STARTFILE-NOTFOUND|([^/\]+-)?ld|collect2)[^/\]*( |$)]
  ignore line: [Change Dir: /home/rwth0792/aixeleratorservice/BUILD/CMakeFiles/CMakeTmp]
  ignore line: []
  ignore line: [Run Build Command(s):/usr/local_rwth/bin/gmake -f Makefile cmTC_22c45/fast && /usr/local_rwth/bin/gmake  -f CMakeFiles/cmTC_22c45.dir/build.make CMakeFiles/cmTC_22c45.dir/build]
  ignore line: [gmake[1]: Entering directory `/rwthfs/rz/cluster/home/rwth0792/aixeleratorservice/BUILD/CMakeFiles/CMakeTmp']
  ignore line: [Building CXX object CMakeFiles/cmTC_22c45.dir/CMakeCXXCompilerABI.cpp.o]
  ignore line: [/usr/local_rwth/sw/gcc/10.3.0/bin/g++   -v -std=gnu++17 -o CMakeFiles/cmTC_22c45.dir/CMakeCXXCompilerABI.cpp.o -c /rwthfs/rz/SW/UTIL.common/cmake/cmake-3.21.1-linux-x86_64/share/cmake-3.21/Modules/CMakeCXXCompilerABI.cpp]
  ignore line: [Using built-in specs.]
  ignore line: [COLLECT_GCC=/usr/local_rwth/sw/gcc/10.3.0/bin/g++]
  ignore line: [OFFLOAD_TARGET_NAMES=nvptx-none]
  ignore line: [Target: x86_64-pc-linux-gnu]
  ignore line: [Configured with: ../../SOURCES/gcc-10.3.0/configure --prefix=/usr/local_rwth/sw/gcc/10.3.0 --enable-offload-targets=nvptx-none --enable-languages=c c++ objc obj-c++ fortran --enable-lto --enable-install-libiberty --with-gmp=/opt/pk224850/tmp/GCC/build/destdir/usr/local_rwth/sw/gcc/10.3.0 --with-gmp-lib=/opt/pk224850/tmp/GCC/build/destdir/usr/local_rwth/sw/gcc/10.3.0/lib64 --with-mpfr=/opt/pk224850/tmp/GCC/build/destdir/usr/local_rwth/sw/gcc/10.3.0 --with-mpfr-lib=/opt/pk224850/tmp/GCC/build/destdir/usr/local_rwth/sw/gcc/10.3.0/lib64 --with-mpc=/opt/pk224850/tmp/GCC/build/destdir/usr/local_rwth/sw/gcc/10.3.0 --with-mpc-lib=/opt/pk224850/tmp/GCC/build/destdir/usr/local_rwth/sw/gcc/10.3.0/lib64 --with-ppl=/opt/pk224850/tmp/GCC/build/destdir/usr/local_rwth/sw/gcc/10.3.0 --with-isl --with-default-libstdcxx-abi=gcc4-compatible LDFLAGS='-Wl -rpath /usr/local_rwth/sw/gcc/10.3.0/lib64 -Wl -rpath /usr/local_rwth/sw/gcc/10.3.0/lib']
  ignore line: [Thread model: posix]
  ignore line: [Supported LTO compression algorithms: zlib]
  ignore line: [gcc version 10.3.0 (GCC) ]
  ignore line: [COLLECT_GCC_OPTIONS='-v' '-std=gnu++17' '-o' 'CMakeFiles/cmTC_22c45.dir/CMakeCXXCompilerABI.cpp.o' '-c' '-shared-libgcc' '-mtune=generic' '-march=x86-64']
  ignore line: [ /usr/local_rwth/sw/gcc/10.3.0/libexec/gcc/x86_64-pc-linux-gnu/10.3.0/cc1plus -quiet -v -iprefix /rwthfs/rz/SW/gcc/CENTOS-7.3/10.3.0/bin/../lib/gcc/x86_64-pc-linux-gnu/10.3.0/ -D_GNU_SOURCE /rwthfs/rz/SW/UTIL.common/cmake/cmake-3.21.1-linux-x86_64/share/cmake-3.21/Modules/CMakeCXXCompilerABI.cpp -quiet -dumpbase CMakeCXXCompilerABI.cpp -mtune=generic -march=x86-64 -auxbase-strip CMakeFiles/cmTC_22c45.dir/CMakeCXXCompilerABI.cpp.o -std=gnu++17 -version -o /tmp/fo014819/login18-g-2_79485/cciDOEuy.s]
  ignore line: [GNU C++17 (GCC) version 10.3.0 (x86_64-pc-linux-gnu)]
  ignore line: [	compiled by GNU C version 10.3.0  GMP version 6.2.1  MPFR version 4.1.0  MPC version 1.2.1  isl version isl-0.21-GMP]
  ignore line: []
  ignore line: [GGC heuristics: --param ggc-min-expand=100 --param ggc-min-heapsize=131072]
  ignore line: [ignoring nonexistent directory "/rwthfs/rz/SW/gcc/CENTOS-7.3/10.3.0/bin/../lib/gcc/x86_64-pc-linux-gnu/10.3.0/../../../../x86_64-pc-linux-gnu/include"]
  ignore line: [ignoring duplicate directory "/rwthfs/rz/SW/gcc/CENTOS-7.3/10.3.0/bin/../lib/gcc/../../lib/gcc/x86_64-pc-linux-gnu/10.3.0/../../../../include/c++/10.3.0"]
  ignore line: [ignoring duplicate directory "/rwthfs/rz/SW/gcc/CENTOS-7.3/10.3.0/bin/../lib/gcc/../../lib/gcc/x86_64-pc-linux-gnu/10.3.0/../../../../include/c++/10.3.0/x86_64-pc-linux-gnu"]
  ignore line: [ignoring duplicate directory "/rwthfs/rz/SW/gcc/CENTOS-7.3/10.3.0/bin/../lib/gcc/../../lib/gcc/x86_64-pc-linux-gnu/10.3.0/../../../../include/c++/10.3.0/backward"]
  ignore line: [ignoring duplicate directory "/rwthfs/rz/SW/gcc/CENTOS-7.3/10.3.0/bin/../lib/gcc/../../lib/gcc/x86_64-pc-linux-gnu/10.3.0/include"]
  ignore line: [ignoring duplicate directory "/rwthfs/rz/SW/gcc/CENTOS-7.3/10.3.0/bin/../lib/gcc/../../lib/gcc/x86_64-pc-linux-gnu/10.3.0/include-fixed"]
  ignore line: [ignoring nonexistent directory "/rwthfs/rz/SW/gcc/CENTOS-7.3/10.3.0/bin/../lib/gcc/../../lib/gcc/x86_64-pc-linux-gnu/10.3.0/../../../../x86_64-pc-linux-gnu/include"]
  ignore line: [ignoring duplicate directory "/usr/local_rwth/sw/gcc/10.3.0/include"]
  ignore line: [  as it is a non-system directory that duplicates a system directory]
  ignore line: [ignoring nonexistent directory "/opt/intel/Compiler/19.0/1.144/rwthlnk/pstl/stdlib"]
  ignore line: [#include "..." search starts here:]
  ignore line: [#include <...> search starts here:]
  ignore line: [ /usr/local_rwth/sw/cuda/11.4.0/include]
  ignore line: [ /opt/intel/Compiler/19.0/1.144/rwthlnk/pstl/include]
  ignore line: [ /opt/intel/Compiler/19.0/1.144/rwthlnk/daal/include]
  ignore line: [ /opt/intel/Compiler/19.0/1.144/rwthlnk/ipp/include]
  ignore line: [ /opt/intel/Compiler/19.0/1.144/rwthlnk/mkl/include]
  ignore line: [ /opt/intel/Compiler/19.0/1.144/rwthlnk/tbb/include]
  ignore line: [ /rwthfs/rz/SW/cuda/cudnn/8.3.2/11.4/include]
  ignore line: [ /rwthfs/rz/SW/gcc/CENTOS-7.3/10.3.0/bin/../lib/gcc/x86_64-pc-linux-gnu/10.3.0/../../../../include/c++/10.3.0]
  ignore line: [ /rwthfs/rz/SW/gcc/CENTOS-7.3/10.3.0/bin/../lib/gcc/x86_64-pc-linux-gnu/10.3.0/../../../../include/c++/10.3.0/x86_64-pc-linux-gnu]
  ignore line: [ /rwthfs/rz/SW/gcc/CENTOS-7.3/10.3.0/bin/../lib/gcc/x86_64-pc-linux-gnu/10.3.0/../../../../include/c++/10.3.0/backward]
  ignore line: [ /rwthfs/rz/SW/gcc/CENTOS-7.3/10.3.0/bin/../lib/gcc/x86_64-pc-linux-gnu/10.3.0/include]
  ignore line: [ /rwthfs/rz/SW/gcc/CENTOS-7.3/10.3.0/bin/../lib/gcc/x86_64-pc-linux-gnu/10.3.0/include-fixed]
  ignore line: [ /usr/local/include]
  ignore line: [ /rwthfs/rz/SW/gcc/CENTOS-7.3/10.3.0/bin/../lib/gcc/../../include]
  ignore line: [ /usr/include]
  ignore line: [End of search list.]
  ignore line: [GNU C++17 (GCC) version 10.3.0 (x86_64-pc-linux-gnu)]
  ignore line: [	compiled by GNU C version 10.3.0  GMP version 6.2.1  MPFR version 4.1.0  MPC version 1.2.1  isl version isl-0.21-GMP]
  ignore line: []
  ignore line: [GGC heuristics: --param ggc-min-expand=100 --param ggc-min-heapsize=131072]
  ignore line: [Compiler executable checksum: 8790aaa72cdf16ba0fd714fdf07c7734]
  ignore line: [COLLECT_GCC_OPTIONS='-v' '-std=gnu++17' '-o' 'CMakeFiles/cmTC_22c45.dir/CMakeCXXCompilerABI.cpp.o' '-c' '-shared-libgcc' '-mtune=generic' '-march=x86-64']
  ignore line: [ as -v --64 -o CMakeFiles/cmTC_22c45.dir/CMakeCXXCompilerABI.cpp.o /tmp/fo014819/login18-g-2_79485/cciDOEuy.s]
  ignore line: [GNU assembler version 2.27 (x86_64-redhat-linux) using BFD version version 2.27-44.base.el7_9.1]
  ignore line: [COMPILER_PATH=/usr/local_rwth/sw/gcc/10.3.0/libexec/gcc/x86_64-pc-linux-gnu/10.3.0/:/usr/local_rwth/sw/gcc/10.3.0/libexec/gcc/]
  ignore line: [LIBRARY_PATH=/usr/local_rwth/sw/gcc/10.3.0/lib/gcc/x86_64-pc-linux-gnu/10.3.0/:/usr/local_rwth/sw/gcc/10.3.0/lib/gcc/:/usr/local_rwth/sw/cuda/11.4.0/nvvm/libdevice/../lib64/:/usr/local_rwth/sw/gcc/10.3.0/lib64/../lib64/:/usr/local_rwth/sw/gcc/10.3.0/lib/../lib64/:/rwthfs/rz/SW/gcc/CENTOS-7.3/10.3.0/bin/../lib/gcc/x86_64-pc-linux-gnu/10.3.0/../../../../lib64/:/lib/../lib64/:/usr/lib/../lib64/:/rwthfs/rz/SW/cuda/cudnn/8.3.2/11.4/lib/:/usr/local_rwth/sw/cuda/11.4.0/nvvm/libdevice/:/usr/local_rwth/sw/gcc/10.3.0/lib64/:/usr/local_rwth/sw/gcc/10.3.0/lib/:/opt/intel/Compiler/19.0/1.144/rwthlnk/daal/lib/intel64_lin/:/opt/intel/Compiler/19.0/1.144/rwthlnk/daal/lib/ia32_lin/:/opt/intel/Compiler/19.0/1.144/rwthlnk/ipp/lib/intel64_lin/:/opt/intel/Compiler/19.0/1.144/rwthlnk/ipp/lib/ia32_lin/:/opt/intel/Compiler/19.0/1.144/rwthlnk/mkl/lib/intel64_lin/:/opt/intel/Compiler/19.0/1.144/rwthlnk/mkl/lib/ia32_lin/:/opt/intel/Compiler/19.0/1.144/rwthlnk/tbb/lib/intel64_lin/gcc4.7/:/opt/intel/Compiler/19.0/1.144/rwthlnk/tbb/lib/ia32_lin/gcc4.7/:/rwthfs/rz/SW/gcc/CENTOS-7.3/10.3.0/bin/../lib/gcc/x86_64-pc-linux-gnu/10.3.0/../../../:/lib/:/usr/lib/]
  ignore line: [COLLECT_GCC_OPTIONS='-v' '-std=gnu++17' '-o' 'CMakeFiles/cmTC_22c45.dir/CMakeCXXCompilerABI.cpp.o' '-c' '-shared-libgcc' '-mtune=generic' '-march=x86-64']
  ignore line: [Linking CXX executable cmTC_22c45]
  ignore line: [/rwthfs/rz/SW/UTIL.common/cmake/cmake-3.21.1-linux-x86_64/bin/cmake -E cmake_link_script CMakeFiles/cmTC_22c45.dir/link.txt --verbose=1]
  ignore line: [/usr/local_rwth/sw/gcc/10.3.0/bin/g++  -v CMakeFiles/cmTC_22c45.dir/CMakeCXXCompilerABI.cpp.o -o cmTC_22c45 ]
  ignore line: [Using built-in specs.]
  ignore line: [COLLECT_GCC=/usr/local_rwth/sw/gcc/10.3.0/bin/g++]
  ignore line: [COLLECT_LTO_WRAPPER=/usr/local_rwth/sw/gcc/10.3.0/libexec/gcc/x86_64-pc-linux-gnu/10.3.0/lto-wrapper]
  ignore line: [OFFLOAD_TARGET_NAMES=nvptx-none]
  ignore line: [Target: x86_64-pc-linux-gnu]
  ignore line: [Configured with: ../../SOURCES/gcc-10.3.0/configure --prefix=/usr/local_rwth/sw/gcc/10.3.0 --enable-offload-targets=nvptx-none --enable-languages=c c++ objc obj-c++ fortran --enable-lto --enable-install-libiberty --with-gmp=/opt/pk224850/tmp/GCC/build/destdir/usr/local_rwth/sw/gcc/10.3.0 --with-gmp-lib=/opt/pk224850/tmp/GCC/build/destdir/usr/local_rwth/sw/gcc/10.3.0/lib64 --with-mpfr=/opt/pk224850/tmp/GCC/build/destdir/usr/local_rwth/sw/gcc/10.3.0 --with-mpfr-lib=/opt/pk224850/tmp/GCC/build/destdir/usr/local_rwth/sw/gcc/10.3.0/lib64 --with-mpc=/opt/pk224850/tmp/GCC/build/destdir/usr/local_rwth/sw/gcc/10.3.0 --with-mpc-lib=/opt/pk224850/tmp/GCC/build/destdir/usr/local_rwth/sw/gcc/10.3.0/lib64 --with-ppl=/opt/pk224850/tmp/GCC/build/destdir/usr/local_rwth/sw/gcc/10.3.0 --with-isl --with-default-libstdcxx-abi=gcc4-compatible LDFLAGS='-Wl -rpath /usr/local_rwth/sw/gcc/10.3.0/lib64 -Wl -rpath /usr/local_rwth/sw/gcc/10.3.0/lib']
  ignore line: [Thread model: posix]
  ignore line: [Supported LTO compression algorithms: zlib]
  ignore line: [gcc version 10.3.0 (GCC) ]
  ignore line: [COMPILER_PATH=/usr/local_rwth/sw/gcc/10.3.0/libexec/gcc/x86_64-pc-linux-gnu/10.3.0/:/usr/local_rwth/sw/gcc/10.3.0/libexec/gcc/]
  ignore line: [LIBRARY_PATH=/usr/local_rwth/sw/gcc/10.3.0/lib/gcc/x86_64-pc-linux-gnu/10.3.0/:/usr/local_rwth/sw/gcc/10.3.0/lib/gcc/:/usr/local_rwth/sw/cuda/11.4.0/nvvm/libdevice/../lib64/:/usr/local_rwth/sw/gcc/10.3.0/lib64/../lib64/:/usr/local_rwth/sw/gcc/10.3.0/lib/../lib64/:/rwthfs/rz/SW/gcc/CENTOS-7.3/10.3.0/bin/../lib/gcc/x86_64-pc-linux-gnu/10.3.0/../../../../lib64/:/lib/../lib64/:/usr/lib/../lib64/:/rwthfs/rz/SW/cuda/cudnn/8.3.2/11.4/lib/:/usr/local_rwth/sw/cuda/11.4.0/nvvm/libdevice/:/usr/local_rwth/sw/gcc/10.3.0/lib64/:/usr/local_rwth/sw/gcc/10.3.0/lib/:/opt/intel/Compiler/19.0/1.144/rwthlnk/daal/lib/intel64_lin/:/opt/intel/Compiler/19.0/1.144/rwthlnk/daal/lib/ia32_lin/:/opt/intel/Compiler/19.0/1.144/rwthlnk/ipp/lib/intel64_lin/:/opt/intel/Compiler/19.0/1.144/rwthlnk/ipp/lib/ia32_lin/:/opt/intel/Compiler/19.0/1.144/rwthlnk/mkl/lib/intel64_lin/:/opt/intel/Compiler/19.0/1.144/rwthlnk/mkl/lib/ia32_lin/:/opt/intel/Compiler/19.0/1.144/rwthlnk/tbb/lib/intel64_lin/gcc4.7/:/opt/intel/Compiler/19.0/1.144/rwthlnk/tbb/lib/ia32_lin/gcc4.7/:/rwthfs/rz/SW/gcc/CENTOS-7.3/10.3.0/bin/../lib/gcc/x86_64-pc-linux-gnu/10.3.0/../../../:/lib/:/usr/lib/]
  ignore line: [COLLECT_GCC_OPTIONS='-v' '-o' 'cmTC_22c45' '-shared-libgcc' '-mtune=generic' '-march=x86-64']
  link line: [ /usr/local_rwth/sw/gcc/10.3.0/libexec/gcc/x86_64-pc-linux-gnu/10.3.0/collect2 -plugin /usr/local_rwth/sw/gcc/10.3.0/libexec/gcc/x86_64-pc-linux-gnu/10.3.0/liblto_plugin.so -plugin-opt=/usr/local_rwth/sw/gcc/10.3.0/libexec/gcc/x86_64-pc-linux-gnu/10.3.0/lto-wrapper -plugin-opt=-fresolution=/tmp/fo014819/login18-g-2_79485/cc19yHtA.res -plugin-opt=-pass-through=-lgcc_s -plugin-opt=-pass-through=-lgcc -plugin-opt=-pass-through=-lc -plugin-opt=-pass-through=-lgcc_s -plugin-opt=-pass-through=-lgcc --eh-frame-hdr -m elf_x86_64 -dynamic-linker /lib64/ld-linux-x86-64.so.2 -o cmTC_22c45 /lib/../lib64/crt1.o /lib/../lib64/crti.o /usr/local_rwth/sw/gcc/10.3.0/lib/gcc/x86_64-pc-linux-gnu/10.3.0/crtbegin.o -L/usr/local_rwth/sw/gcc/10.3.0/lib/gcc/x86_64-pc-linux-gnu/10.3.0 -L/usr/local_rwth/sw/gcc/10.3.0/lib/gcc -L/usr/local_rwth/sw/cuda/11.4.0/nvvm/libdevice/../lib64 -L/usr/local_rwth/sw/gcc/10.3.0/lib64/../lib64 -L/usr/local_rwth/sw/gcc/10.3.0/lib/../lib64 -L/rwthfs/rz/SW/gcc/CENTOS-7.3/10.3.0/bin/../lib/gcc/x86_64-pc-linux-gnu/10.3.0/../../../../lib64 -L/lib/../lib64 -L/usr/lib/../lib64 -L/rwthfs/rz/SW/cuda/cudnn/8.3.2/11.4/lib -L/usr/local_rwth/sw/cuda/11.4.0/nvvm/libdevice -L/usr/local_rwth/sw/gcc/10.3.0/lib64 -L/usr/local_rwth/sw/gcc/10.3.0/lib -L/opt/intel/Compiler/19.0/1.144/rwthlnk/daal/lib/intel64_lin -L/opt/intel/Compiler/19.0/1.144/rwthlnk/daal/lib/ia32_lin -L/opt/intel/Compiler/19.0/1.144/rwthlnk/ipp/lib/intel64_lin -L/opt/intel/Compiler/19.0/1.144/rwthlnk/ipp/lib/ia32_lin -L/opt/intel/Compiler/19.0/1.144/rwthlnk/mkl/lib/intel64_lin -L/opt/intel/Compiler/19.0/1.144/rwthlnk/mkl/lib/ia32_lin -L/opt/intel/Compiler/19.0/1.144/rwthlnk/tbb/lib/intel64_lin/gcc4.7 -L/opt/intel/Compiler/19.0/1.144/rwthlnk/tbb/lib/ia32_lin/gcc4.7 -L/rwthfs/rz/SW/gcc/CENTOS-7.3/10.3.0/bin/../lib/gcc/x86_64-pc-linux-gnu/10.3.0/../../.. CMakeFiles/cmTC_22c45.dir/CMakeCXXCompilerABI.cpp.o -lstdc++ -lm -lgcc_s -lgcc -lc -lgcc_s -lgcc /usr/local_rwth/sw/gcc/10.3.0/lib/gcc/x86_64-pc-linux-gnu/10.3.0/crtend.o /lib/../lib64/crtn.o]
    arg [/usr/local_rwth/sw/gcc/10.3.0/libexec/gcc/x86_64-pc-linux-gnu/10.3.0/collect2] ==> ignore
    arg [-plugin] ==> ignore
    arg [/usr/local_rwth/sw/gcc/10.3.0/libexec/gcc/x86_64-pc-linux-gnu/10.3.0/liblto_plugin.so] ==> ignore
    arg [-plugin-opt=/usr/local_rwth/sw/gcc/10.3.0/libexec/gcc/x86_64-pc-linux-gnu/10.3.0/lto-wrapper] ==> ignore
    arg [-plugin-opt=-fresolution=/tmp/fo014819/login18-g-2_79485/cc19yHtA.res] ==> ignore
    arg [-plugin-opt=-pass-through=-lgcc_s] ==> ignore
    arg [-plugin-opt=-pass-through=-lgcc] ==> ignore
    arg [-plugin-opt=-pass-through=-lc] ==> ignore
    arg [-plugin-opt=-pass-through=-lgcc_s] ==> ignore
    arg [-plugin-opt=-pass-through=-lgcc] ==> ignore
    arg [--eh-frame-hdr] ==> ignore
    arg [-m] ==> ignore
    arg [elf_x86_64] ==> ignore
    arg [-dynamic-linker] ==> ignore
    arg [/lib64/ld-linux-x86-64.so.2] ==> ignore
    arg [-o] ==> ignore
    arg [cmTC_22c45] ==> ignore
    arg [/lib/../lib64/crt1.o] ==> obj [/lib/../lib64/crt1.o]
    arg [/lib/../lib64/crti.o] ==> obj [/lib/../lib64/crti.o]
    arg [/usr/local_rwth/sw/gcc/10.3.0/lib/gcc/x86_64-pc-linux-gnu/10.3.0/crtbegin.o] ==> obj [/usr/local_rwth/sw/gcc/10.3.0/lib/gcc/x86_64-pc-linux-gnu/10.3.0/crtbegin.o]
    arg [-L/usr/local_rwth/sw/gcc/10.3.0/lib/gcc/x86_64-pc-linux-gnu/10.3.0] ==> dir [/usr/local_rwth/sw/gcc/10.3.0/lib/gcc/x86_64-pc-linux-gnu/10.3.0]
    arg [-L/usr/local_rwth/sw/gcc/10.3.0/lib/gcc] ==> dir [/usr/local_rwth/sw/gcc/10.3.0/lib/gcc]
    arg [-L/usr/local_rwth/sw/cuda/11.4.0/nvvm/libdevice/../lib64] ==> dir [/usr/local_rwth/sw/cuda/11.4.0/nvvm/libdevice/../lib64]
    arg [-L/usr/local_rwth/sw/gcc/10.3.0/lib64/../lib64] ==> dir [/usr/local_rwth/sw/gcc/10.3.0/lib64/../lib64]
    arg [-L/usr/local_rwth/sw/gcc/10.3.0/lib/../lib64] ==> dir [/usr/local_rwth/sw/gcc/10.3.0/lib/../lib64]
    arg [-L/rwthfs/rz/SW/gcc/CENTOS-7.3/10.3.0/bin/../lib/gcc/x86_64-pc-linux-gnu/10.3.0/../../../../lib64] ==> dir [/rwthfs/rz/SW/gcc/CENTOS-7.3/10.3.0/bin/../lib/gcc/x86_64-pc-linux-gnu/10.3.0/../../../../lib64]
    arg [-L/lib/../lib64] ==> dir [/lib/../lib64]
    arg [-L/usr/lib/../lib64] ==> dir [/usr/lib/../lib64]
    arg [-L/rwthfs/rz/SW/cuda/cudnn/8.3.2/11.4/lib] ==> dir [/rwthfs/rz/SW/cuda/cudnn/8.3.2/11.4/lib]
    arg [-L/usr/local_rwth/sw/cuda/11.4.0/nvvm/libdevice] ==> dir [/usr/local_rwth/sw/cuda/11.4.0/nvvm/libdevice]
    arg [-L/usr/local_rwth/sw/gcc/10.3.0/lib64] ==> dir [/usr/local_rwth/sw/gcc/10.3.0/lib64]
    arg [-L/usr/local_rwth/sw/gcc/10.3.0/lib] ==> dir [/usr/local_rwth/sw/gcc/10.3.0/lib]
    arg [-L/opt/intel/Compiler/19.0/1.144/rwthlnk/daal/lib/intel64_lin] ==> dir [/opt/intel/Compiler/19.0/1.144/rwthlnk/daal/lib/intel64_lin]
    arg [-L/opt/intel/Compiler/19.0/1.144/rwthlnk/daal/lib/ia32_lin] ==> dir [/opt/intel/Compiler/19.0/1.144/rwthlnk/daal/lib/ia32_lin]
    arg [-L/opt/intel/Compiler/19.0/1.144/rwthlnk/ipp/lib/intel64_lin] ==> dir [/opt/intel/Compiler/19.0/1.144/rwthlnk/ipp/lib/intel64_lin]
    arg [-L/opt/intel/Compiler/19.0/1.144/rwthlnk/ipp/lib/ia32_lin] ==> dir [/opt/intel/Compiler/19.0/1.144/rwthlnk/ipp/lib/ia32_lin]
    arg [-L/opt/intel/Compiler/19.0/1.144/rwthlnk/mkl/lib/intel64_lin] ==> dir [/opt/intel/Compiler/19.0/1.144/rwthlnk/mkl/lib/intel64_lin]
    arg [-L/opt/intel/Compiler/19.0/1.144/rwthlnk/mkl/lib/ia32_lin] ==> dir [/opt/intel/Compiler/19.0/1.144/rwthlnk/mkl/lib/ia32_lin]
    arg [-L/opt/intel/Compiler/19.0/1.144/rwthlnk/tbb/lib/intel64_lin/gcc4.7] ==> dir [/opt/intel/Compiler/19.0/1.144/rwthlnk/tbb/lib/intel64_lin/gcc4.7]
    arg [-L/opt/intel/Compiler/19.0/1.144/rwthlnk/tbb/lib/ia32_lin/gcc4.7] ==> dir [/opt/intel/Compiler/19.0/1.144/rwthlnk/tbb/lib/ia32_lin/gcc4.7]
    arg [-L/rwthfs/rz/SW/gcc/CENTOS-7.3/10.3.0/bin/../lib/gcc/x86_64-pc-linux-gnu/10.3.0/../../..] ==> dir [/rwthfs/rz/SW/gcc/CENTOS-7.3/10.3.0/bin/../lib/gcc/x86_64-pc-linux-gnu/10.3.0/../../..]
    arg [CMakeFiles/cmTC_22c45.dir/CMakeCXXCompilerABI.cpp.o] ==> ignore
    arg [-lstdc++] ==> lib [stdc++]
    arg [-lm] ==> lib [m]
    arg [-lgcc_s] ==> lib [gcc_s]
    arg [-lgcc] ==> lib [gcc]
    arg [-lc] ==> lib [c]
    arg [-lgcc_s] ==> lib [gcc_s]
    arg [-lgcc] ==> lib [gcc]
    arg [/usr/local_rwth/sw/gcc/10.3.0/lib/gcc/x86_64-pc-linux-gnu/10.3.0/crtend.o] ==> obj [/usr/local_rwth/sw/gcc/10.3.0/lib/gcc/x86_64-pc-linux-gnu/10.3.0/crtend.o]
    arg [/lib/../lib64/crtn.o] ==> obj [/lib/../lib64/crtn.o]
  collapse obj [/lib/../lib64/crt1.o] ==> [/lib64/crt1.o]
  collapse obj [/lib/../lib64/crti.o] ==> [/lib64/crti.o]
  collapse obj [/lib/../lib64/crtn.o] ==> [/lib64/crtn.o]
  collapse library dir [/usr/local_rwth/sw/gcc/10.3.0/lib/gcc/x86_64-pc-linux-gnu/10.3.0] ==> [/usr/local_rwth/sw/gcc/10.3.0/lib/gcc/x86_64-pc-linux-gnu/10.3.0]
  collapse library dir [/usr/local_rwth/sw/gcc/10.3.0/lib/gcc] ==> [/usr/local_rwth/sw/gcc/10.3.0/lib/gcc]
  collapse library dir [/usr/local_rwth/sw/cuda/11.4.0/nvvm/libdevice/../lib64] ==> [/usr/local_rwth/sw/cuda/11.4.0/nvvm/lib64]
  collapse library dir [/usr/local_rwth/sw/gcc/10.3.0/lib64/../lib64] ==> [/usr/local_rwth/sw/gcc/10.3.0/lib64]
  collapse library dir [/usr/local_rwth/sw/gcc/10.3.0/lib/../lib64] ==> [/usr/local_rwth/sw/gcc/10.3.0/lib64]
  collapse library dir [/rwthfs/rz/SW/gcc/CENTOS-7.3/10.3.0/bin/../lib/gcc/x86_64-pc-linux-gnu/10.3.0/../../../../lib64] ==> [/rwthfs/rz/SW/gcc/CENTOS-7.3/10.3.0/lib64]
  collapse library dir [/lib/../lib64] ==> [/lib64]
  collapse library dir [/usr/lib/../lib64] ==> [/usr/lib64]
  collapse library dir [/rwthfs/rz/SW/cuda/cudnn/8.3.2/11.4/lib] ==> [/rwthfs/rz/SW/cuda/cudnn/8.3.2/11.4/lib]
  collapse library dir [/usr/local_rwth/sw/cuda/11.4.0/nvvm/libdevice] ==> [/usr/local_rwth/sw/cuda/11.4.0/nvvm/libdevice]
  collapse library dir [/usr/local_rwth/sw/gcc/10.3.0/lib64] ==> [/usr/local_rwth/sw/gcc/10.3.0/lib64]
  collapse library dir [/usr/local_rwth/sw/gcc/10.3.0/lib] ==> [/usr/local_rwth/sw/gcc/10.3.0/lib]
  collapse library dir [/opt/intel/Compiler/19.0/1.144/rwthlnk/daal/lib/intel64_lin] ==> [/opt/intel/Compiler/19.0/1.144/rwthlnk/daal/lib/intel64_lin]
  collapse library dir [/opt/intel/Compiler/19.0/1.144/rwthlnk/daal/lib/ia32_lin] ==> [/opt/intel/Compiler/19.0/1.144/rwthlnk/daal/lib/ia32_lin]
  collapse library dir [/opt/intel/Compiler/19.0/1.144/rwthlnk/ipp/lib/intel64_lin] ==> [/opt/intel/Compiler/19.0/1.144/rwthlnk/ipp/lib/intel64_lin]
  collapse library dir [/opt/intel/Compiler/19.0/1.144/rwthlnk/ipp/lib/ia32_lin] ==> [/opt/intel/Compiler/19.0/1.144/rwthlnk/ipp/lib/ia32_lin]
  collapse library dir [/opt/intel/Compiler/19.0/1.144/rwthlnk/mkl/lib/intel64_lin] ==> [/opt/intel/Compiler/19.0/1.144/rwthlnk/mkl/lib/intel64_lin]
  collapse library dir [/opt/intel/Compiler/19.0/1.144/rwthlnk/mkl/lib/ia32_lin] ==> [/opt/intel/Compiler/19.0/1.144/rwthlnk/mkl/lib/ia32_lin]
  collapse library dir [/opt/intel/Compiler/19.0/1.144/rwthlnk/tbb/lib/intel64_lin/gcc4.7] ==> [/opt/intel/Compiler/19.0/1.144/rwthlnk/tbb/lib/intel64_lin/gcc4.7]
  collapse library dir [/opt/intel/Compiler/19.0/1.144/rwthlnk/tbb/lib/ia32_lin/gcc4.7] ==> [/opt/intel/Compiler/19.0/1.144/rwthlnk/tbb/lib/ia32_lin/gcc4.7]
  collapse library dir [/rwthfs/rz/SW/gcc/CENTOS-7.3/10.3.0/bin/../lib/gcc/x86_64-pc-linux-gnu/10.3.0/../../..] ==> [/rwthfs/rz/SW/gcc/CENTOS-7.3/10.3.0/lib]
  implicit libs: [stdc++;m;gcc_s;gcc;c;gcc_s;gcc]
  implicit objs: [/lib64/crt1.o;/lib64/crti.o;/usr/local_rwth/sw/gcc/10.3.0/lib/gcc/x86_64-pc-linux-gnu/10.3.0/crtbegin.o;/usr/local_rwth/sw/gcc/10.3.0/lib/gcc/x86_64-pc-linux-gnu/10.3.0/crtend.o;/lib64/crtn.o]
  implicit dirs: [/usr/local_rwth/sw/gcc/10.3.0/lib/gcc/x86_64-pc-linux-gnu/10.3.0;/usr/local_rwth/sw/gcc/10.3.0/lib/gcc;/usr/local_rwth/sw/cuda/11.4.0/nvvm/lib64;/usr/local_rwth/sw/gcc/10.3.0/lib64;/rwthfs/rz/SW/gcc/CENTOS-7.3/10.3.0/lib64;/lib64;/usr/lib64;/rwthfs/rz/SW/cuda/cudnn/8.3.2/11.4/lib;/usr/local_rwth/sw/cuda/11.4.0/nvvm/libdevice;/usr/local_rwth/sw/gcc/10.3.0/lib;/opt/intel/Compiler/19.0/1.144/rwthlnk/daal/lib/intel64_lin;/opt/intel/Compiler/19.0/1.144/rwthlnk/daal/lib/ia32_lin;/opt/intel/Compiler/19.0/1.144/rwthlnk/ipp/lib/intel64_lin;/opt/intel/Compiler/19.0/1.144/rwthlnk/ipp/lib/ia32_lin;/opt/intel/Compiler/19.0/1.144/rwthlnk/mkl/lib/intel64_lin;/opt/intel/Compiler/19.0/1.144/rwthlnk/mkl/lib/ia32_lin;/opt/intel/Compiler/19.0/1.144/rwthlnk/tbb/lib/intel64_lin/gcc4.7;/opt/intel/Compiler/19.0/1.144/rwthlnk/tbb/lib/ia32_lin/gcc4.7;/rwthfs/rz/SW/gcc/CENTOS-7.3/10.3.0/lib]
  implicit fwks: []


Determining if the include file pthread.h exists passed with the following output:
Change Dir: /home/rwth0792/aixeleratorservice/BUILD/CMakeFiles/CMakeTmp

Run Build Command(s):/usr/local_rwth/bin/gmake -f Makefile cmTC_32ef6/fast && /usr/local_rwth/bin/gmake  -f CMakeFiles/cmTC_32ef6.dir/build.make CMakeFiles/cmTC_32ef6.dir/build
gmake[1]: Entering directory `/rwthfs/rz/cluster/home/rwth0792/aixeleratorservice/BUILD/CMakeFiles/CMakeTmp'
Building CXX object CMakeFiles/cmTC_32ef6.dir/CheckIncludeFile.cxx.o
/usr/local_rwth/sw/gcc/10.3.0/bin/g++   -std=gnu++17 -o CMakeFiles/cmTC_32ef6.dir/CheckIncludeFile.cxx.o -c /home/rwth0792/aixeleratorservice/BUILD/CMakeFiles/CMakeTmp/CheckIncludeFile.cxx
Linking CXX executable cmTC_32ef6
/rwthfs/rz/SW/UTIL.common/cmake/cmake-3.21.1-linux-x86_64/bin/cmake -E cmake_link_script CMakeFiles/cmTC_32ef6.dir/link.txt --verbose=1
/usr/local_rwth/sw/gcc/10.3.0/bin/g++ CMakeFiles/cmTC_32ef6.dir/CheckIncludeFile.cxx.o -o cmTC_32ef6 
gmake[1]: Leaving directory `/rwthfs/rz/cluster/home/rwth0792/aixeleratorservice/BUILD/CMakeFiles/CMakeTmp'



Determining if the function pthread_create exists in the pthread passed with the following output:
Change Dir: /home/rwth0792/aixeleratorservice/BUILD/CMakeFiles/CMakeTmp

Run Build Command(s):/usr/local_rwth/bin/gmake -f Makefile cmTC_94138/fast && /usr/local_rwth/bin/gmake  -f CMakeFiles/cmTC_94138.dir/build.make CMakeFiles/cmTC_94138.dir/build
gmake[1]: Entering directory `/rwthfs/rz/cluster/home/rwth0792/aixeleratorservice/BUILD/CMakeFiles/CMakeTmp'
Building CXX object CMakeFiles/cmTC_94138.dir/CheckFunctionExists.cxx.o
/usr/local_rwth/sw/gcc/10.3.0/bin/g++   -DCHECK_FUNCTION_EXISTS=pthread_create -std=gnu++17 -o CMakeFiles/cmTC_94138.dir/CheckFunctionExists.cxx.o -c /home/rwth0792/aixeleratorservice/BUILD/CMakeFiles/CheckLibraryExists/CheckFunctionExists.cxx
Linking CXX executable cmTC_94138
/rwthfs/rz/SW/UTIL.common/cmake/cmake-3.21.1-linux-x86_64/bin/cmake -E cmake_link_script CMakeFiles/cmTC_94138.dir/link.txt --verbose=1
/usr/local_rwth/sw/gcc/10.3.0/bin/g++  -DCHECK_FUNCTION_EXISTS=pthread_create CMakeFiles/cmTC_94138.dir/CheckFunctionExists.cxx.o -o cmTC_94138  -lpthread 
gmake[1]: Leaving directory `/rwthfs/rz/cluster/home/rwth0792/aixeleratorservice/BUILD/CMakeFiles/CMakeTmp'



